0000ref000.veretech@000.monitor1.returnpath.net
aaa1asi@bellsouth.net
aaa1asi@cox.net
0000refzzz.veretech@zzz.monitor1.returnpath.net
aaa1asi@aol.com
aaa1asi@comcast.net
aaa1asi@gmail.com
aaa1asi@mac.com
aaa1asi@earthlink.net
aaa1asi@optonline.com
charles_larryparks12@yahoo.com
aaa1asi@usa.net
aaa2asi@earthlink.net
aaa1asi@yahoo.com
aaa1asi@hotmail.com
aaa5asi@netscape.net
aaa522asi@biz.rr.com
aaa3asi@cs.com
acacius.page@mac.com
al.alleborn@comcast.net
anita1232@optonline.com
axelnortby@hotmail.com
cammie88deakins@optonline.com
beniangiatti12@optonline.com
bartender85aybar@yahoo.com
black_barry@cox.net
carpetman_miller22@hotmail.com
ccknight3@hotmail.com
beaubillinslea3@yahoo.com
cochran31_meyrink@yahoo.com
charlieshull@yahoo.com
cusackliz55@cox.net
cheriwells@usa.net
chipdarlington@earthlink.net
dardensevern@cs.com
david.ursin@sbcglobal.net
dorsey_congressman77@hotmail.com
daniel_ades@yahoo.com
doobiehankin@aol.com
darlington_chip41@yahoo.com
ddd1webmailus@webmailrp.net
dddvrzn@verizon.net
ddd1gdad@rpgodad.com
eee2webmailus@webmailrp.net
delauter3@yahoo.com
dreyfus_22randolph@yahoo.com
dbabcock1@mac.com
david.marvit@sbcglobal.net
fenton_okomoto12@hotmail.com
fenton_okomoto12@earthlink.net
eugenezador@cs.com
gbritton@veretech.com
adresmaybar@yahoo.com
ferrero47clerk@aol.com
aaa1everyone@everyonerp.com
force92backes@earthlink.net
devlin_miltondean3@hotmail.com
gjarrett919@hotmail.com
gordon.cusack2@cox.net
frickermackenzie@netscape.net
friedhofer.hugo2@comcast.net
dsmonterosso@sbcglobal.net
beauburnside@mac.com
corkigrazer12@usa.net
goodman512stiller@biz.rr.com
harriet4michaels@netscape.net
grazer19_produce@earthlink.net
gupson@mac.com
gggvrzn@verizon.net
gabriellaborzell@cs.com
hathaway_jerry85@yahoo.com
henry.roth2@gmail.com
isabelcooley@earthlink.net
hans377mohlman@dc.rr.com
hhh3webmailus@webmailrp.net
j_blum33@bellsouth.net
ina_gould@earthlink.net
james_carrington@sbcglobal.net
james_leicester33@comcast.net
isabellewalker@usa.net
iii2everyone@everyonerp.com
iii2gdad@rpgodad.com
israel_neal22@earthlink.net
jjj4webmailus@webmailrp.net
joe.dorsey@sbcglobal.net
jeffhiggins303@aol.com
jjjvrzn@verizon.net
josanrusso@bellsouth.net
joietom.bartel@comcast.net
kilmerknight85@yahoo.com
joannewbarron@hotmail.com
joy_ferro@sbcglobal.net
kendrew8taylor@cox.net
lazlo_holyfeldd22@yahoo.com
laser_ray_victim32@yahoo.com
lowellcornell@usa.net
jpmarino67@optonline.com
laser_specialist85knox@hotmail.com
lapaglia8giardin@netscape.net
lucy.whitmore3@gmail.com
mabakes@sbcglobal.net
maratwingordon@optonline.com
lyndaweismeir@usa.net
marlin.whitmore4@gmail.com
lllvrzn@verizon.net
mariosoldati@cs.com
louisgcarnagle@yahoo.com
mariimak@usa.net
kkk5webmailus@webmailrp.net
johnvasily@usa.net
mmm1asi@gmail.com
mmm1asi@comcast.net
mmm1asi@bellsouth.net
mgcrabtree@sbcglobal.net
mmm1asi@optonline.com
mmm1asi@hotmail.com
mmm1asi@aol.com
mmm1asi@mac.com
mmm1asi@earthlink.net
mmm517asi@biz.rr.com
kevinhurley1964@sbcglobal.net
mmm3asi@cs.com
michellemeyrink90@hotmail.com
monterosso6_7cafeteria@hotmail.com
mmm6webmailus@webmailrp.net
mmm1asi@yahoo.com
mmm1asi@cox.net
nadinevix@earthlink.net
ndeforestiii@aol.com
montedodd@cs.com
nnn3gdad@rpgodad.com
mmm5asi@netscape.net
mmm1asi@usa.net
oldlady_gould44@yahoo.com
paulhutchings303@aol.com
poft_pat99@earthlink.net
nnnvrzn@verizon.net
p.galvin42@comcast.net
nnn3everyone@everyonerp.com
ppp7webmailus@webmailrp.net
ptulley@earthlink.net
publicist48_eisenberg@hotmail.com
norahmuldoon@mac.com
richardchew@bellsouth.net
pennybaker3@earthlink.net
razatos12_porter@hotmail.com
peter_likidis720@hotmail.com
robbins33raymond@cox.net
qmpartseed9@netscape.net
rpedx1@edx.assurancesys.com
MsKiki9Douveas@netscape.net
rpedx3@edx.assurancesys.com
rpedx2@edx.assurancesys.com
pieroportalupi@cs.com
rrr8webmailus@webmailrp.net
rose7plummer@netscape.net
roman3aykroyd@optonline.com
rpml3@ml.assurancesys.com
sallycato@mac.com
rpml1@ml.assurancesys.com
sandymmeredith@cs.com
rrrvrzn@verizon.net
rpml2@ml.assurancesys.com
science_fairstudent99@yahoo.com
skate_tangen32@earthlink.net
sherrynugil@hotmail.com
sss4everyone@everyonerp.com
sss4gdad@rpgodad.com
stuart2mackenzie@netscape.net
stober_waitress912@hotmail.com
stillo.ashmore@cox.net
spiro_23ulrich@hotmail.com
sweigart_gate44@hotmail.com
tarquingotch@aol.com
shuttle_peralta12@yahoo.com
ttangen@bellsouth.net
ttt9webmailus@webmailrp.net
tensecond.tom5@gmail.com
uuuvrzn@verizon.net
tsather@pi.assurancesys.com
washburntaxidriver@gmail.com
wallyprosky88@optonline.com
willette.joanne@earthlink.net
vilmos@bellsouth.net
zsigmond@bellsouth.net
zeta_nicholson4@cox.net
willie.jocko@gmail.com
yuki.shimoda@mac.com
zzz1asi@aol.com
zzz1asi@comcast.net
zsigmond_chew33@hotmail.com
uuu10webmailus@webmailrp.net
vince523lafleur@biz.rr.com
zzz1asi@cox.net
willyknox@sbcglobal.net
zzz1asi@earthlink.net
www5gdad@rpgodad.com
zzz1asi@bellsouth.net
wwwvrzn@verizon.net
www5everyone@everyonerp.com
zzz1asi@usa.net
zzz1asi@hotmail.com
zzz5asi@netscape.net
zzz1asi@yahoo.com
zzz1asi@mac.com
zzzzrefzzz.veretech@zzz.monitor1.returnpath.net
zzz593asi@biz.rr.com
zzz1asi@optonline.com
zzz1asi@gmail.com
zzzzref000.veretech@000.monitor1.returnpath.net