aaa1asi@aol.com
0000refzzz.veretech@zzz.monitor1.returnpath.net
aaa1asi@bellsouth.net
0000ref000.veretech@000.monitor1.returnpath.net
gbritton@veretech.com
aaa1asi@comcast.net
aaa1asi@cox.net
aaa1asi@hotmail.com
aaa1asi@mac.com
aaa1asi@earthlink.net
charles_larryparks12@yahoo.com
charlieshull@yahoo.com
aaa1asi@usa.net
aaa1asi@gmail.com
aaa1asi@yahoo.com
aaa1asi@optonline.com
cheriwells@usa.net
aaa1everyone@everyonerp.com
aaa3asi@cs.com
aaa5asi@netscape.net
aaa2asi@earthlink.net
aaa522asi@biz.rr.com
adresmaybar@yahoo.com
acacius.page@mac.com
al.alleborn@comcast.net
dardensevern@cs.com
axelnortby@hotmail.com
darlington_chip41@yahoo.com
david.marvit@sbcglobal.net
anita1232@optonline.com
bartender85aybar@yahoo.com
corkigrazer12@usa.net
chipdarlington@earthlink.net
daniel_ades@yahoo.com
beaubillinslea3@yahoo.com
cammie88deakins@optonline.com
cochran31_meyrink@yahoo.com
dbabcock1@mac.com
ccknight3@hotmail.com
black_barry@cox.net
carpetman_miller22@hotmail.com
cusackliz55@cox.net
beauburnside@mac.com
ddd1gdad@rpgodad.com
ddd1webmailus@webmailrp.net
delauter3@yahoo.com
david.ursin@sbcglobal.net
dsmonterosso@sbcglobal.net
eugenezador@cs.com
dddvrzn@verizon.net
force92backes@earthlink.net
devlin_miltondean3@hotmail.com
beniangiatti12@optonline.com
dorsey_congressman77@hotmail.com
doobiehankin@aol.com
fenton_okomoto12@hotmail.com
fenton_okomoto12@earthlink.net
eee2webmailus@webmailrp.net
dreyfus_22randolph@yahoo.com
friedhofer.hugo2@comcast.net
gabriellaborzell@cs.com
ferrero47clerk@aol.com
frickermackenzie@netscape.net
goodman512stiller@biz.rr.com
grazer19_produce@earthlink.net
gjarrett919@hotmail.com
hathaway_jerry85@yahoo.com
gggvrzn@verizon.net
henry.roth2@gmail.com
gordon.cusack2@cox.net
harriet4michaels@netscape.net
hans377mohlman@dc.rr.com
gupson@mac.com
iii2gdad@rpgodad.com
iii2everyone@everyonerp.com
isabelcooley@earthlink.net
ina_gould@earthlink.net
isabellewalker@usa.net
james_leicester33@comcast.net
james_carrington@sbcglobal.net
israel_neal22@earthlink.net
jjj4webmailus@webmailrp.net
j_blum33@bellsouth.net
hhh3webmailus@webmailrp.net
joannewbarron@hotmail.com
jeffhiggins303@aol.com
jjjvrzn@verizon.net
joietom.bartel@comcast.net
joe.dorsey@sbcglobal.net
josanrusso@bellsouth.net
kevinhurley1964@sbcglobal.net
kilmerknight85@yahoo.com
johnvasily@usa.net
jpmarino67@optonline.com
joy_ferro@sbcglobal.net
laser_specialist85knox@hotmail.com
laser_ray_victim32@yahoo.com
lapaglia8giardin@netscape.net
kkk5webmailus@webmailrp.net
lazlo_holyfeldd22@yahoo.com
lucy.whitmore3@gmail.com
louisgcarnagle@yahoo.com
lowellcornell@usa.net
mabakes@sbcglobal.net
mariimak@usa.net
maratwingordon@optonline.com
mgcrabtree@sbcglobal.net
lllvrzn@verizon.net
marlin.whitmore4@gmail.com
michellemeyrink90@hotmail.com
mmm1asi@bellsouth.net
lyndaweismeir@usa.net
mariosoldati@cs.com
mmm1asi@comcast.net
mmm1asi@cox.net
mmm1asi@earthlink.net
mmm1asi@gmail.com
mmm1asi@aol.com
mmm1asi@hotmail.com
mmm3asi@cs.com
kendrew8taylor@cox.net
mmm1asi@optonline.com
mmm517asi@biz.rr.com
mmm1asi@yahoo.com
mmm5asi@netscape.net
MsKiki9Douveas@netscape.net
nnn3everyone@everyonerp.com
mmm1asi@usa.net
nnn3gdad@rpgodad.com
monterosso6_7cafeteria@hotmail.com
mmm6webmailus@webmailrp.net
montedodd@cs.com
norahmuldoon@mac.com
peter_likidis720@hotmail.com
mmm1asi@mac.com
pennybaker3@earthlink.net
pieroportalupi@cs.com
poft_pat99@earthlink.net
ppp7webmailus@webmailrp.net
p.galvin42@comcast.net
paulhutchings303@aol.com
ndeforestiii@aol.com
nnnvrzn@verizon.net
nadinevix@earthlink.net
publicist48_eisenberg@hotmail.com
ptulley@earthlink.net
qmpartseed9@netscape.net
richardchew@bellsouth.net
oldlady_gould44@yahoo.com
razatos12_porter@hotmail.com
rpedx1@edx.assurancesys.com
rpml2@ml.assurancesys.com
rose7plummer@netscape.net
robbins33raymond@cox.net
rpedx2@edx.assurancesys.com
rpml1@ml.assurancesys.com
roman3aykroyd@optonline.com
rrrvrzn@verizon.net
rpedx3@edx.assurancesys.com
sandymmeredith@cs.com
rrr8webmailus@webmailrp.net
sherrynugil@hotmail.com
skate_tangen32@earthlink.net
rpml3@ml.assurancesys.com
science_fairstudent99@yahoo.com
sss4everyone@everyonerp.com
sallycato@mac.com
shuttle_peralta12@yahoo.com
sss4gdad@rpgodad.com
sweigart_gate44@hotmail.com
spiro_23ulrich@hotmail.com
stober_waitress912@hotmail.com
tarquingotch@aol.com
stuart2mackenzie@netscape.net
ttangen@bellsouth.net
uuu10webmailus@webmailrp.net
tensecond.tom5@gmail.com
ttt9webmailus@webmailrp.net
stillo.ashmore@cox.net
vilmos@bellsouth.net
wallyprosky88@optonline.com
willette.joanne@earthlink.net
vince523lafleur@biz.rr.com
www5everyone@everyonerp.com
washburntaxidriver@gmail.com
willie.jocko@gmail.com
wwwvrzn@verizon.net
willyknox@sbcglobal.net
www5gdad@rpgodad.com
uuuvrzn@verizon.net
tsather@pi.assurancesys.com
zeta_nicholson4@cox.net
yuki.shimoda@mac.com
zzz1asi@aol.com
zsigmond_chew33@hotmail.com
zzz1asi@bellsouth.net
zsigmond@bellsouth.net
zzz1asi@comcast.net
zzz1asi@hotmail.com
zzz1asi@cox.net
zzz1asi@earthlink.net
zzz1asi@mac.com
zzz1asi@optonline.com
zzz593asi@biz.rr.com
zzz1asi@yahoo.com
zzz5asi@netscape.net
zzzzrefzzz.veretech@zzz.monitor1.returnpath.net
zzz1asi@usa.net
zzzzref000.veretech@000.monitor1.returnpath.net
zzz1asi@gmail.com