gbritton@veretech.com
0000ref000.veretech@000.monitor1.returnpath.net
aaa1asi@aol.com
aaa1asi@bellsouth.net
aaa1asi@comcast.net
aaa1asi@cox.net
aaa1asi@mac.com
aaa1asi@optonline.com
charles_larryparks12@yahoo.com
aaa1asi@earthlink.net
aaa1asi@hotmail.com
aaa1asi@yahoo.com
aaa1asi@usa.net
aaa1everyone@everyonerp.com
aaa3asi@cs.com
aaa2asi@earthlink.net
aaa522asi@biz.rr.com
aaa1asi@gmail.com
aaa5asi@netscape.net
acacius.page@mac.com
al.alleborn@comcast.net
anita1232@optonline.com
adresmaybar@yahoo.com
cammie88deakins@optonline.com
ccknight3@hotmail.com
black_barry@cox.net
beniangiatti12@optonline.com
beauburnside@mac.com
axelnortby@hotmail.com
beaubillinslea3@yahoo.com
bartender85aybar@yahoo.com
charlieshull@yahoo.com
carpetman_miller22@hotmail.com
cheriwells@usa.net
chipdarlington@earthlink.net
cochran31_meyrink@yahoo.com
darlington_chip41@yahoo.com
corkigrazer12@usa.net
friedhofer.hugo2@comcast.net
gjarrett919@hotmail.com
gordon.cusack2@cox.net
fenton_okomoto12@hotmail.com
gabriellaborzell@cs.com
frickermackenzie@netscape.net
dsmonterosso@sbcglobal.net
david.marvit@sbcglobal.net
gggvrzn@verizon.net
eee2webmailus@webmailrp.net
force92backes@earthlink.net
ferrero47clerk@aol.com
dardensevern@cs.com
eugenezador@cs.com
dbabcock1@mac.com
dreyfus_22randolph@yahoo.com
david.ursin@sbcglobal.net
goodman512stiller@biz.rr.com
grazer19_produce@earthlink.net
doobiehankin@aol.com
fenton_okomoto12@earthlink.net
delauter3@yahoo.com
devlin_miltondean3@hotmail.com
harriet4michaels@netscape.net
dorsey_congressman77@hotmail.com
ddd1gdad@rpgodad.com
daniel_ades@yahoo.com
dddvrzn@verizon.net
ddd1webmailus@webmailrp.net
cusackliz55@cox.net
iii2everyone@everyonerp.com
gupson@mac.com
isabellewalker@usa.net
hans377mohlman@dc.rr.com
iii2gdad@rpgodad.com
isabelcooley@earthlink.net
hathaway_jerry85@yahoo.com
ina_gould@earthlink.net
israel_neal22@earthlink.net
hhh3webmailus@webmailrp.net
henry.roth2@gmail.com
j_blum33@bellsouth.net
joannewbarron@hotmail.com
james_leicester33@comcast.net
james_carrington@sbcglobal.net
joe.dorsey@sbcglobal.net
jjj4webmailus@webmailrp.net
jeffhiggins303@aol.com
johnvasily@usa.net
kendrew8taylor@cox.net
laser_specialist85knox@hotmail.com
jpmarino67@optonline.com
laser_ray_victim32@yahoo.com
joy_ferro@sbcglobal.net
kevinhurley1964@sbcglobal.net
joietom.bartel@comcast.net
lyndaweismeir@usa.net
lapaglia8giardin@netscape.net
lucy.whitmore3@gmail.com
josanrusso@bellsouth.net
maratwingordon@optonline.com
mabakes@sbcglobal.net
lowellcornell@usa.net
michellemeyrink90@hotmail.com
kilmerknight85@yahoo.com
kkk5webmailus@webmailrp.net
louisgcarnagle@yahoo.com
mmm1asi@comcast.net
mmm1asi@cox.net
jjjvrzn@verizon.net
mariosoldati@cs.com
mmm1asi@gmail.com
lazlo_holyfeldd22@yahoo.com
lllvrzn@verizon.net
marlin.whitmore4@gmail.com
mmm1asi@aol.com
mmm1asi@bellsouth.net
mariimak@usa.net
mmm1asi@earthlink.net
mgcrabtree@sbcglobal.net
mmm1asi@usa.net
mmm517asi@biz.rr.com
mmm5asi@netscape.net
mmm1asi@hotmail.com
mmm1asi@optonline.com
mmm1asi@mac.com
mmm1asi@yahoo.com
mmm3asi@cs.com
nadinevix@earthlink.net
monterosso6_7cafeteria@hotmail.com
norahmuldoon@mac.com
nnnvrzn@verizon.net
p.galvin42@comcast.net
mmm6webmailus@webmailrp.net
MsKiki9Douveas@netscape.net
ndeforestiii@aol.com
nnn3gdad@rpgodad.com
oldlady_gould44@yahoo.com
nnn3everyone@everyonerp.com
pennybaker3@earthlink.net
poft_pat99@earthlink.net
montedodd@cs.com
paulhutchings303@aol.com
ptulley@earthlink.net
publicist48_eisenberg@hotmail.com
qmpartseed9@netscape.net
richardchew@bellsouth.net
razatos12_porter@hotmail.com
ppp7webmailus@webmailrp.net
robbins33raymond@cox.net
peter_likidis720@hotmail.com
roman3aykroyd@optonline.com
rose7plummer@netscape.net
pieroportalupi@cs.com
rpedx1@edx.assurancesys.com
rpml1@ml.assurancesys.com
rpedx2@edx.assurancesys.com
rpedx3@edx.assurancesys.com
sandymmeredith@cs.com
rrr8webmailus@webmailrp.net
rrrvrzn@verizon.net
sallycato@mac.com
shuttle_peralta12@yahoo.com
science_fairstudent99@yahoo.com
rpml3@ml.assurancesys.com
rpml2@ml.assurancesys.com
sherrynugil@hotmail.com
spiro_23ulrich@hotmail.com
skate_tangen32@earthlink.net
stillo.ashmore@cox.net
sss4everyone@everyonerp.com
sss4gdad@rpgodad.com
sweigart_gate44@hotmail.com
tarquingotch@aol.com
stober_waitress912@hotmail.com
tensecond.tom5@gmail.com
stuart2mackenzie@netscape.net
uuu10webmailus@webmailrp.net
ttangen@bellsouth.net
vilmos@bellsouth.net
willette.joanne@earthlink.net
tsather@pi.assurancesys.com
washburntaxidriver@gmail.com
uuuvrzn@verizon.net
wallyprosky88@optonline.com
vince523lafleur@biz.rr.com
willie.jocko@gmail.com
www5everyone@everyonerp.com
willyknox@sbcglobal.net
www5gdad@rpgodad.com
ttt9webmailus@webmailrp.net
zeta_nicholson4@cox.net
yuki.shimoda@mac.com
wwwvrzn@verizon.net
zsigmond@bellsouth.net
zsigmond_chew33@hotmail.com
zzz1asi@gmail.com
zzz1asi@bellsouth.net
zzz1asi@aol.com
zzz1asi@earthlink.net
zzz1asi@cox.net
zzz1asi@hotmail.com
zzz1asi@comcast.net
zzz593asi@biz.rr.com
zzz1asi@yahoo.com
zzz1asi@usa.net
zzz5asi@netscape.net
zzz1asi@mac.com
zzzzrefzzz.veretech@zzz.monitor1.returnpath.net
zzzzref000.veretech@000.monitor1.returnpath.net
zzz1asi@optonline.com
0000refzzz.veretech@zzz.monitor1.returnpath.net