gbritton@veretech.com
aaa1asi@aol.com
aaa1asi@bellsouth.net
aaa1asi@comcast.net
0000ref000.veretech@000.monitor1.returnpath.net
aaa1asi@gmail.com
0000refzzz.veretech@zzz.monitor1.returnpath.net
aaa1asi@earthlink.net
aaa1asi@mac.com
aaa1asi@cox.net
aaa1asi@optonline.com
aaa1asi@yahoo.com
aaa1everyone@everyonerp.com
aaa1asi@hotmail.com
aaa2asi@earthlink.net
aaa3asi@cs.com
aaa5asi@netscape.net
adresmaybar@yahoo.com
al.alleborn@comcast.net
aaa1asi@usa.net
anita1232@optonline.com
charles_larryparks12@yahoo.com
beaubillinslea3@yahoo.com
cammie88deakins@optonline.com
axelnortby@hotmail.com
bartender85aybar@yahoo.com
aaa522asi@biz.rr.com
beauburnside@mac.com
beniangiatti12@optonline.com
carpetman_miller22@hotmail.com
black_barry@cox.net
acacius.page@mac.com
darlington_chip41@yahoo.com
cusackliz55@cox.net
dddvrzn@verizon.net
david.ursin@sbcglobal.net
corkigrazer12@usa.net
daniel_ades@yahoo.com
devlin_miltondean3@hotmail.com
delauter3@yahoo.com
cochran31_meyrink@yahoo.com
ccknight3@hotmail.com
dardensevern@cs.com
chipdarlington@earthlink.net
ddd1gdad@rpgodad.com
charlieshull@yahoo.com
ddd1webmailus@webmailrp.net
david.marvit@sbcglobal.net
cheriwells@usa.net
doobiehankin@aol.com
eee2webmailus@webmailrp.net
dbabcock1@mac.com
ferrero47clerk@aol.com
gggvrzn@verizon.net
dorsey_congressman77@hotmail.com
dsmonterosso@sbcglobal.net
eugenezador@cs.com
force92backes@earthlink.net
fenton_okomoto12@hotmail.com
friedhofer.hugo2@comcast.net
fenton_okomoto12@earthlink.net
gjarrett919@hotmail.com
gordon.cusack2@cox.net
dreyfus_22randolph@yahoo.com
gupson@mac.com
grazer19_produce@earthlink.net
hhh3webmailus@webmailrp.net
harriet4michaels@netscape.net
goodman512stiller@biz.rr.com
hathaway_jerry85@yahoo.com
hans377mohlman@dc.rr.com
gabriellaborzell@cs.com
iii2everyone@everyonerp.com
henry.roth2@gmail.com
iii2gdad@rpgodad.com
ina_gould@earthlink.net
isabellewalker@usa.net
isabelcooley@earthlink.net
johnvasily@usa.net
jjjvrzn@verizon.net
joe.dorsey@sbcglobal.net
jjj4webmailus@webmailrp.net
israel_neal22@earthlink.net
josanrusso@bellsouth.net
james_leicester33@comcast.net
kevinhurley1964@sbcglobal.net
jpmarino67@optonline.com
kilmerknight85@yahoo.com
joannewbarron@hotmail.com
kkk5webmailus@webmailrp.net
laser_ray_victim32@yahoo.com
jeffhiggins303@aol.com
laser_specialist85knox@hotmail.com
lapaglia8giardin@netscape.net
lllvrzn@verizon.net
louisgcarnagle@yahoo.com
joy_ferro@sbcglobal.net
lowellcornell@usa.net
maratwingordon@optonline.com
mabakes@sbcglobal.net
lazlo_holyfeldd22@yahoo.com
mariimak@usa.net
mgcrabtree@sbcglobal.net
marlin.whitmore4@gmail.com
mmm1asi@bellsouth.net
lyndaweismeir@usa.net
michellemeyrink90@hotmail.com
kendrew8taylor@cox.net
mmm1asi@comcast.net
mmm1asi@cox.net
mmm1asi@aol.com
mmm1asi@gmail.com
mmm3asi@cs.com
j_blum33@bellsouth.net
mmm1asi@earthlink.net
mmm1asi@yahoo.com
mmm6webmailus@webmailrp.net
lucy.whitmore3@gmail.com
mmm517asi@biz.rr.com
mmm1asi@hotmail.com
james_carrington@sbcglobal.net
mmm1asi@mac.com
mmm1asi@usa.net
montedodd@cs.com
nadinevix@earthlink.net
nnn3everyone@everyonerp.com
joietom.bartel@comcast.net
nnn3gdad@rpgodad.com
frickermackenzie@netscape.net
monterosso6_7cafeteria@hotmail.com
ndeforestiii@aol.com
MsKiki9Douveas@netscape.net
pennybaker3@earthlink.net
paulhutchings303@aol.com
razatos12_porter@hotmail.com
publicist48_eisenberg@hotmail.com
pieroportalupi@cs.com
mariosoldati@cs.com
mmm5asi@netscape.net
mmm1asi@optonline.com
norahmuldoon@mac.com
richardchew@bellsouth.net
peter_likidis720@hotmail.com
ppp7webmailus@webmailrp.net
ptulley@earthlink.net
rpedx2@edx.assurancesys.com
rose7plummer@netscape.net
oldlady_gould44@yahoo.com
roman3aykroyd@optonline.com
p.galvin42@comcast.net
rpedx1@edx.assurancesys.com
rpml1@ml.assurancesys.com
sallycato@mac.com
rpml3@ml.assurancesys.com
rpml2@ml.assurancesys.com
rpedx3@edx.assurancesys.com
sandymmeredith@cs.com
rrr8webmailus@webmailrp.net
science_fairstudent99@yahoo.com
poft_pat99@earthlink.net
stillo.ashmore@cox.net
tarquingotch@aol.com
sherrynugil@hotmail.com
qmpartseed9@netscape.net
sweigart_gate44@hotmail.com
robbins33raymond@cox.net
spiro_23ulrich@hotmail.com
uuuvrzn@verizon.net
stuart2mackenzie@netscape.net
tensecond.tom5@gmail.com
ttt9webmailus@webmailrp.net
stober_waitress912@hotmail.com
sss4everyone@everyonerp.com
uuu10webmailus@webmailrp.net
shuttle_peralta12@yahoo.com
rrrvrzn@verizon.net
vilmos@bellsouth.net
vince523lafleur@biz.rr.com
nnnvrzn@verizon.net
sss4gdad@rpgodad.com
ttangen@bellsouth.net
willette.joanne@earthlink.net
washburntaxidriver@gmail.com
willyknox@sbcglobal.net
zeta_nicholson4@cox.net
willie.jocko@gmail.com
skate_tangen32@earthlink.net
yuki.shimoda@mac.com
www5everyone@everyonerp.com
tsather@pi.assurancesys.com
zsigmond@bellsouth.net
www5gdad@rpgodad.com
zzz1asi@aol.com
wwwvrzn@verizon.net
zzz1asi@cox.net
zzz1asi@earthlink.net
zzz1asi@comcast.net
zzz1asi@bellsouth.net
zsigmond_chew33@hotmail.com
zzz1asi@optonline.com
zzz1asi@gmail.com
zzz1asi@mac.com
zzz1asi@hotmail.com
wallyprosky88@optonline.com
zzz593asi@biz.rr.com
zzz1asi@yahoo.com
zzzzrefzzz.veretech@zzz.monitor1.returnpath.net
zzz5asi@netscape.net
zzzzref000.veretech@000.monitor1.returnpath.net
zzz1asi@usa.net